{"D:\\cursos\\curso-backend-node\\proyecto-01\\app.js": {"path":"D:\\cursos\\curso-backend-node\\proyecto-01\\app.js","statementMap":{"0":{"start":{"line":1,"column":0},"end":{"line":1,"column":27}},"1":{"start":{"line":2,"column":16},"end":{"line":2,"column":34}},"2":{"start":{"line":3,"column":13},"end":{"line":3,"column":28}},"3":{"start":{"line":4,"column":19},"end":{"line":4,"column":41}},"4":{"start":{"line":5,"column":18},"end":{"line":5,"column":47}},"5":{"start":{"line":7,"column":23},"end":{"line":7,"column":48}},"6":{"start":{"line":8,"column":27},"end":{"line":8,"column":52}},"7":{"start":{"line":9,"column":21},"end":{"line":9,"column":52}},"8":{"start":{"line":10,"column":22},"end":{"line":10,"column":47}},"9":{"start":{"line":11,"column":18},"end":{"line":11,"column":39}},"10":{"start":{"line":12,"column":17},"end":{"line":12,"column":54}},"11":{"start":{"line":14,"column":12},"end":{"line":14,"column":21}},"12":{"start":{"line":15,"column":0},"end":{"line":15,"column":16}},"13":{"start":{"line":16,"column":0},"end":{"line":16,"column":24}},"14":{"start":{"line":17,"column":0},"end":{"line":17,"column":48}},"15":{"start":{"line":19,"column":0},"end":{"line":25,"column":3}},"16":{"start":{"line":23,"column":2},"end":{"line":23,"column":30}},"17":{"start":{"line":27,"column":13},"end":{"line":27,"column":37}},"18":{"start":{"line":32,"column":0},"end":{"line":32,"column":75}},"19":{"start":{"line":38,"column":0},"end":{"line":38,"column":37}},"20":{"start":{"line":40,"column":0},"end":{"line":44,"column":1}},"21":{"start":{"line":41,"column":1},"end":{"line":43,"column":4}},"22":{"start":{"line":42,"column":2},"end":{"line":42,"column":64}},"23":{"start":{"line":46,"column":0},"end":{"line":47,"column":22}},"24":{"start":{"line":46,"column":27},"end":{"line":46,"column":44}},"25":{"start":{"line":47,"column":5},"end":{"line":47,"column":22}},"26":{"start":{"line":52,"column":0},"end":{"line":52,"column":21}}},"fnMap":{"0":{"name":"(anonymous_0)","decl":{"start":{"line":22,"column":7},"end":{"line":22,"column":8}},"loc":{"start":{"line":22,"column":21},"end":{"line":24,"column":2}},"line":22},"1":{"name":"(anonymous_1)","decl":{"start":{"line":41,"column":18},"end":{"line":41,"column":19}},"loc":{"start":{"line":41,"column":24},"end":{"line":43,"column":2}},"line":41}},"branchMap":{"0":{"loc":{"start":{"line":12,"column":17},"end":{"line":12,"column":54}},"type":"binary-expr","locations":[{"start":{"line":12,"column":17},"end":{"line":12,"column":37}},{"start":{"line":12,"column":41},"end":{"line":12,"column":54}}],"line":12},"1":{"loc":{"start":{"line":27,"column":13},"end":{"line":27,"column":37}},"type":"binary-expr","locations":[{"start":{"line":27,"column":13},"end":{"line":27,"column":29}},{"start":{"line":27,"column":33},"end":{"line":27,"column":37}}],"line":27},"2":{"loc":{"start":{"line":40,"column":0},"end":{"line":44,"column":1}},"type":"if","locations":[{"start":{"line":40,"column":0},"end":{"line":44,"column":1}},{"start":{},"end":{}}],"line":40},"3":{"loc":{"start":{"line":46,"column":0},"end":{"line":47,"column":22}},"type":"if","locations":[{"start":{"line":46,"column":0},"end":{"line":47,"column":22}},{"start":{"line":47,"column":5},"end":{"line":47,"column":22}}],"line":46}},"s":{"0":3,"1":3,"2":3,"3":3,"4":3,"5":3,"6":3,"7":3,"8":3,"9":3,"10":3,"11":3,"12":3,"13":3,"14":3,"15":3,"16":48,"17":3,"18":3,"19":3,"20":3,"21":0,"22":0,"23":3,"24":3,"25":0,"26":3},"f":{"0":48,"1":0},"b":{"0":[3,0],"1":[3,0],"2":[0,3],"3":[3,0]},"_coverageSchema":"1a1c01bbd47fc00a2c39e90264f33305004495a9","hash":"b868c639b7725a78092667ec396392b07ad1c131"}
,"D:\\cursos\\curso-backend-node\\proyecto-01\\config\\mongo.js": {"path":"D:\\cursos\\curso-backend-node\\proyecto-01\\config\\mongo.js","statementMap":{"0":{"start":{"line":1,"column":17},"end":{"line":1,"column":36}},"1":{"start":{"line":3,"column":17},"end":{"line":3,"column":37}},"2":{"start":{"line":5,"column":18},"end":{"line":18,"column":1}},"3":{"start":{"line":6,"column":1},"end":{"line":17,"column":2}},"4":{"start":{"line":7,"column":2},"end":{"line":7,"column":36}},"5":{"start":{"line":9,"column":3},"end":{"line":9,"column":69}},"6":{"start":{"line":10,"column":2},"end":{"line":13,"column":5}},"7":{"start":{"line":14,"column":2},"end":{"line":14,"column":53}},"8":{"start":{"line":16,"column":2},"end":{"line":16,"column":51}},"9":{"start":{"line":20,"column":0},"end":{"line":20,"column":27}}},"fnMap":{"0":{"name":"(anonymous_0)","decl":{"start":{"line":5,"column":18},"end":{"line":5,"column":19}},"loc":{"start":{"line":5,"column":30},"end":{"line":18,"column":1}},"line":5}},"branchMap":{"0":{"loc":{"start":{"line":9,"column":3},"end":{"line":9,"column":69}},"type":"cond-expr","locations":[{"start":{"line":9,"column":25},"end":{"line":9,"column":48}},{"start":{"line":9,"column":51},"end":{"line":9,"column":69}}],"line":9}},"s":{"0":3,"1":3,"2":3,"3":3,"4":3,"5":3,"6":3,"7":3,"8":0,"9":3},"f":{"0":3},"b":{"0":[3,0]},"_coverageSchema":"1a1c01bbd47fc00a2c39e90264f33305004495a9","hash":"fedd3a25b33d5b82557617cb4987c4f9b70324a1"}
,"D:\\cursos\\curso-backend-node\\proyecto-01\\config\\mysql.js": {"path":"D:\\cursos\\curso-backend-node\\proyecto-01\\config\\mysql.js","statementMap":{"0":{"start":{"line":1,"column":22},"end":{"line":1,"column":42}},"1":{"start":{"line":2,"column":17},"end":{"line":2,"column":37}},"2":{"start":{"line":5,"column":1},"end":{"line":7,"column":30}},"3":{"start":{"line":8,"column":17},"end":{"line":8,"column":39}},"4":{"start":{"line":9,"column":17},"end":{"line":9,"column":43}},"5":{"start":{"line":10,"column":13},"end":{"line":10,"column":35}},"6":{"start":{"line":12,"column":18},"end":{"line":15,"column":2}},"7":{"start":{"line":17,"column":23},"end":{"line":25,"column":1}},"8":{"start":{"line":18,"column":1},"end":{"line":24,"column":2}},"9":{"start":{"line":19,"column":2},"end":{"line":19,"column":33}},"10":{"start":{"line":20,"column":2},"end":{"line":20,"column":25}},"11":{"start":{"line":21,"column":2},"end":{"line":21,"column":41}},"12":{"start":{"line":23,"column":2},"end":{"line":23,"column":47}},"13":{"start":{"line":28,"column":1},"end":{"line":33,"column":2}},"14":{"start":{"line":29,"column":2},"end":{"line":29,"column":25}},"15":{"start":{"line":30,"column":2},"end":{"line":30,"column":60}},"16":{"start":{"line":32,"column":2},"end":{"line":32,"column":76}},"17":{"start":{"line":36,"column":0},"end":{"line":36,"column":47}}},"fnMap":{"0":{"name":"(anonymous_0)","decl":{"start":{"line":17,"column":23},"end":{"line":17,"column":24}},"loc":{"start":{"line":17,"column":35},"end":{"line":25,"column":1}},"line":17},"1":{"name":"syncDatabase","decl":{"start":{"line":27,"column":15},"end":{"line":27,"column":27}},"loc":{"start":{"line":27,"column":30},"end":{"line":34,"column":1}},"line":27}},"branchMap":{"0":{"loc":{"start":{"line":5,"column":1},"end":{"line":7,"column":30}},"type":"cond-expr","locations":[{"start":{"line":6,"column":4},"end":{"line":6,"column":35}},{"start":{"line":7,"column":4},"end":{"line":7,"column":30}}],"line":5}},"s":{"0":3,"1":3,"2":3,"3":3,"4":3,"5":3,"6":3,"7":3,"8":0,"9":0,"10":0,"11":0,"12":0,"13":0,"14":0,"15":0,"16":0,"17":3},"f":{"0":0,"1":0},"b":{"0":[3,0]},"_coverageSchema":"1a1c01bbd47fc00a2c39e90264f33305004495a9","hash":"8f526837a7253c4c877cb998744987ee7c4bf335"}
,"D:\\cursos\\curso-backend-node\\proyecto-01\\controllers\\auth.js": {"path":"D:\\cursos\\curso-backend-node\\proyecto-01\\controllers\\auth.js","statementMap":{"0":{"start":{"line":1,"column":24},"end":{"line":1,"column":52}},"1":{"start":{"line":2,"column":29},"end":{"line":2,"column":63}},"2":{"start":{"line":3,"column":23},"end":{"line":3,"column":43}},"3":{"start":{"line":4,"column":22},"end":{"line":4,"column":51}},"4":{"start":{"line":5,"column":28},"end":{"line":5,"column":59}},"5":{"start":{"line":12,"column":21},"end":{"line":31,"column":1}},"6":{"start":{"line":13,"column":1},"end":{"line":30,"column":2}},"7":{"start":{"line":14,"column":2},"end":{"line":14,"column":25}},"8":{"start":{"line":15,"column":19},"end":{"line":15,"column":46}},"9":{"start":{"line":16,"column":15},"end":{"line":16,"column":35}},"10":{"start":{"line":18,"column":19},"end":{"line":18,"column":48}},"11":{"start":{"line":19,"column":2},"end":{"line":19,"column":57}},"12":{"start":{"line":21,"column":15},"end":{"line":24,"column":3}},"13":{"start":{"line":26,"column":2},"end":{"line":26,"column":33}},"14":{"start":{"line":28,"column":2},"end":{"line":28,"column":21}},"15":{"start":{"line":29,"column":2},"end":{"line":29,"column":53}},"16":{"start":{"line":38,"column":18},"end":{"line":66,"column":1}},"17":{"start":{"line":39,"column":1},"end":{"line":65,"column":2}},"18":{"start":{"line":40,"column":2},"end":{"line":40,"column":25}},"19":{"start":{"line":41,"column":15},"end":{"line":41,"column":61}},"20":{"start":{"line":42,"column":2},"end":{"line":45,"column":3}},"21":{"start":{"line":43,"column":3},"end":{"line":43,"column":53}},"22":{"start":{"line":44,"column":3},"end":{"line":44,"column":10}},"23":{"start":{"line":47,"column":23},"end":{"line":47,"column":43}},"24":{"start":{"line":49,"column":16},"end":{"line":49,"column":57}},"25":{"start":{"line":50,"column":2},"end":{"line":53,"column":3}},"26":{"start":{"line":51,"column":3},"end":{"line":51,"column":50}},"27":{"start":{"line":52,"column":3},"end":{"line":52,"column":10}},"28":{"start":{"line":55,"column":2},"end":{"line":55,"column":53}},"29":{"start":{"line":56,"column":15},"end":{"line":59,"column":3}},"30":{"start":{"line":61,"column":2},"end":{"line":61,"column":21}},"31":{"start":{"line":63,"column":2},"end":{"line":63,"column":21}},"32":{"start":{"line":64,"column":2},"end":{"line":64,"column":51}},"33":{"start":{"line":68,"column":0},"end":{"line":68,"column":45}}},"fnMap":{"0":{"name":"(anonymous_0)","decl":{"start":{"line":12,"column":21},"end":{"line":12,"column":22}},"loc":{"start":{"line":12,"column":41},"end":{"line":31,"column":1}},"line":12},"1":{"name":"(anonymous_1)","decl":{"start":{"line":38,"column":18},"end":{"line":38,"column":19}},"loc":{"start":{"line":38,"column":38},"end":{"line":66,"column":1}},"line":38}},"branchMap":{"0":{"loc":{"start":{"line":42,"column":2},"end":{"line":45,"column":3}},"type":"if","locations":[{"start":{"line":42,"column":2},"end":{"line":45,"column":3}},{"start":{},"end":{}}],"line":42},"1":{"loc":{"start":{"line":50,"column":2},"end":{"line":53,"column":3}},"type":"if","locations":[{"start":{"line":50,"column":2},"end":{"line":53,"column":3}},{"start":{},"end":{}}],"line":50}},"s":{"0":3,"1":3,"2":3,"3":3,"4":3,"5":3,"6":1,"7":1,"8":1,"9":1,"10":1,"11":1,"12":1,"13":1,"14":0,"15":0,"16":3,"17":3,"18":3,"19":3,"20":3,"21":1,"22":1,"23":2,"24":2,"25":2,"26":1,"27":1,"28":1,"29":1,"30":1,"31":0,"32":0,"33":3},"f":{"0":1,"1":3},"b":{"0":[1,2],"1":[1,1]},"_coverageSchema":"1a1c01bbd47fc00a2c39e90264f33305004495a9","hash":"c8f187d3659e5024ca0898c189a6d42f90dfcefe"}
,"D:\\cursos\\curso-backend-node\\proyecto-01\\controllers\\storage.js": {"path":"D:\\cursos\\curso-backend-node\\proyecto-01\\controllers\\storage.js","statementMap":{"0":{"start":{"line":1,"column":24},"end":{"line":1,"column":52}},"1":{"start":{"line":2,"column":25},"end":{"line":2,"column":45}},"2":{"start":{"line":3,"column":28},"end":{"line":3,"column":59}},"3":{"start":{"line":4,"column":11},"end":{"line":4,"column":24}},"4":{"start":{"line":6,"column":19},"end":{"line":6,"column":66}},"5":{"start":{"line":7,"column":19},"end":{"line":7,"column":44}},"6":{"start":{"line":14,"column":17},"end":{"line":21,"column":1}},"7":{"start":{"line":15,"column":1},"end":{"line":20,"column":2}},"8":{"start":{"line":16,"column":15},"end":{"line":16,"column":42}},"9":{"start":{"line":17,"column":2},"end":{"line":17,"column":21}},"10":{"start":{"line":19,"column":2},"end":{"line":19,"column":49}},"11":{"start":{"line":28,"column":16},"end":{"line":36,"column":1}},"12":{"start":{"line":29,"column":1},"end":{"line":35,"column":2}},"13":{"start":{"line":30,"column":17},"end":{"line":30,"column":33}},"14":{"start":{"line":31,"column":15},"end":{"line":31,"column":46}},"15":{"start":{"line":32,"column":2},"end":{"line":32,"column":21}},"16":{"start":{"line":34,"column":2},"end":{"line":34,"column":56}},"17":{"start":{"line":43,"column":19},"end":{"line":55,"column":1}},"18":{"start":{"line":44,"column":1},"end":{"line":54,"column":2}},"19":{"start":{"line":45,"column":25},"end":{"line":45,"column":28}},"20":{"start":{"line":46,"column":19},"end":{"line":49,"column":3}},"21":{"start":{"line":50,"column":15},"end":{"line":50,"column":50}},"22":{"start":{"line":51,"column":2},"end":{"line":51,"column":33}},"23":{"start":{"line":53,"column":2},"end":{"line":53,"column":46}},"24":{"start":{"line":62,"column":19},"end":{"line":81,"column":1}},"25":{"start":{"line":63,"column":1},"end":{"line":80,"column":2}},"26":{"start":{"line":64,"column":17},"end":{"line":64,"column":33}},"27":{"start":{"line":65,"column":19},"end":{"line":65,"column":50}},"28":{"start":{"line":66,"column":2},"end":{"line":66,"column":65}},"29":{"start":{"line":66,"column":17},"end":{"line":66,"column":65}},"30":{"start":{"line":67,"column":23},"end":{"line":67,"column":31}},"31":{"start":{"line":68,"column":19},"end":{"line":68,"column":46}},"32":{"start":{"line":69,"column":2},"end":{"line":69,"column":44}},"33":{"start":{"line":71,"column":2},"end":{"line":71,"column":55}},"34":{"start":{"line":71,"column":31},"end":{"line":71,"column":55}},"35":{"start":{"line":72,"column":15},"end":{"line":75,"column":3}},"36":{"start":{"line":76,"column":2},"end":{"line":76,"column":21}},"37":{"start":{"line":78,"column":2},"end":{"line":78,"column":21}},"38":{"start":{"line":79,"column":2},"end":{"line":79,"column":49}},"39":{"start":{"line":83,"column":0},"end":{"line":83,"column":63}}},"fnMap":{"0":{"name":"(anonymous_0)","decl":{"start":{"line":14,"column":17},"end":{"line":14,"column":18}},"loc":{"start":{"line":14,"column":37},"end":{"line":21,"column":1}},"line":14},"1":{"name":"(anonymous_1)","decl":{"start":{"line":28,"column":16},"end":{"line":28,"column":17}},"loc":{"start":{"line":28,"column":36},"end":{"line":36,"column":1}},"line":28},"2":{"name":"(anonymous_2)","decl":{"start":{"line":43,"column":19},"end":{"line":43,"column":20}},"loc":{"start":{"line":43,"column":39},"end":{"line":55,"column":1}},"line":43},"3":{"name":"(anonymous_3)","decl":{"start":{"line":62,"column":19},"end":{"line":62,"column":20}},"loc":{"start":{"line":62,"column":39},"end":{"line":81,"column":1}},"line":62}},"branchMap":{"0":{"loc":{"start":{"line":66,"column":2},"end":{"line":66,"column":65}},"type":"if","locations":[{"start":{"line":66,"column":2},"end":{"line":66,"column":65}},{"start":{},"end":{}}],"line":66},"1":{"loc":{"start":{"line":71,"column":2},"end":{"line":71,"column":55}},"type":"if","locations":[{"start":{"line":71,"column":2},"end":{"line":71,"column":55}},{"start":{},"end":{}}],"line":71}},"s":{"0":3,"1":3,"2":3,"3":3,"4":3,"5":3,"6":3,"7":1,"8":1,"9":1,"10":0,"11":3,"12":1,"13":1,"14":1,"15":1,"16":0,"17":3,"18":1,"19":1,"20":1,"21":1,"22":1,"23":0,"24":3,"25":1,"26":1,"27":1,"28":1,"29":0,"30":1,"31":1,"32":1,"33":1,"34":1,"35":1,"36":1,"37":0,"38":0,"39":3},"f":{"0":1,"1":1,"2":1,"3":1},"b":{"0":[0,1],"1":[1,0]},"_coverageSchema":"1a1c01bbd47fc00a2c39e90264f33305004495a9","hash":"d8f2f9150610f3ab4c0fa6efc55b8a0b555b66fa"}
,"D:\\cursos\\curso-backend-node\\proyecto-01\\controllers\\tracks.js": {"path":"D:\\cursos\\curso-backend-node\\proyecto-01\\controllers\\tracks.js","statementMap":{"0":{"start":{"line":1,"column":24},"end":{"line":1,"column":52}},"1":{"start":{"line":2,"column":24},"end":{"line":2,"column":44}},"2":{"start":{"line":3,"column":28},"end":{"line":3,"column":59}},"3":{"start":{"line":10,"column":17},"end":{"line":18,"column":1}},"4":{"start":{"line":11,"column":1},"end":{"line":17,"column":2}},"5":{"start":{"line":12,"column":15},"end":{"line":12,"column":23}},"6":{"start":{"line":13,"column":15},"end":{"line":13,"column":48}},"7":{"start":{"line":14,"column":2},"end":{"line":14,"column":27}},"8":{"start":{"line":16,"column":2},"end":{"line":16,"column":45}},"9":{"start":{"line":25,"column":16},"end":{"line":34,"column":1}},"10":{"start":{"line":26,"column":1},"end":{"line":33,"column":2}},"11":{"start":{"line":27,"column":2},"end":{"line":27,"column":25}},"12":{"start":{"line":28,"column":17},"end":{"line":28,"column":20}},"13":{"start":{"line":29,"column":15},"end":{"line":29,"column":48}},"14":{"start":{"line":30,"column":2},"end":{"line":30,"column":21}},"15":{"start":{"line":32,"column":2},"end":{"line":32,"column":41}},"16":{"start":{"line":41,"column":19},"end":{"line":49,"column":1}},"17":{"start":{"line":42,"column":1},"end":{"line":48,"column":2}},"18":{"start":{"line":43,"column":15},"end":{"line":43,"column":31}},"19":{"start":{"line":44,"column":15},"end":{"line":44,"column":45}},"20":{"start":{"line":45,"column":2},"end":{"line":45,"column":33}},"21":{"start":{"line":47,"column":2},"end":{"line":47,"column":46}},"22":{"start":{"line":56,"column":19},"end":{"line":64,"column":1}},"23":{"start":{"line":57,"column":1},"end":{"line":63,"column":2}},"24":{"start":{"line":58,"column":26},"end":{"line":58,"column":42}},"25":{"start":{"line":59,"column":15},"end":{"line":59,"column":59}},"26":{"start":{"line":60,"column":2},"end":{"line":60,"column":21}},"27":{"start":{"line":62,"column":2},"end":{"line":62,"column":50}},"28":{"start":{"line":71,"column":19},"end":{"line":83,"column":1}},"29":{"start":{"line":72,"column":1},"end":{"line":82,"column":2}},"30":{"start":{"line":73,"column":2},"end":{"line":73,"column":25}},"31":{"start":{"line":74,"column":17},"end":{"line":74,"column":20}},"32":{"start":{"line":75,"column":25},"end":{"line":75,"column":62}},"33":{"start":{"line":76,"column":15},"end":{"line":78,"column":3}},"34":{"start":{"line":79,"column":2},"end":{"line":79,"column":21}},"35":{"start":{"line":81,"column":2},"end":{"line":81,"column":49}},"36":{"start":{"line":85,"column":0},"end":{"line":85,"column":75}}},"fnMap":{"0":{"name":"(anonymous_0)","decl":{"start":{"line":10,"column":17},"end":{"line":10,"column":18}},"loc":{"start":{"line":10,"column":37},"end":{"line":18,"column":1}},"line":10},"1":{"name":"(anonymous_1)","decl":{"start":{"line":25,"column":16},"end":{"line":25,"column":17}},"loc":{"start":{"line":25,"column":36},"end":{"line":34,"column":1}},"line":25},"2":{"name":"(anonymous_2)","decl":{"start":{"line":41,"column":19},"end":{"line":41,"column":20}},"loc":{"start":{"line":41,"column":39},"end":{"line":49,"column":1}},"line":41},"3":{"name":"(anonymous_3)","decl":{"start":{"line":56,"column":19},"end":{"line":56,"column":20}},"loc":{"start":{"line":56,"column":39},"end":{"line":64,"column":1}},"line":56},"4":{"name":"(anonymous_4)","decl":{"start":{"line":71,"column":19},"end":{"line":71,"column":20}},"loc":{"start":{"line":71,"column":39},"end":{"line":83,"column":1}},"line":71}},"branchMap":{},"s":{"0":3,"1":3,"2":3,"3":3,"4":1,"5":1,"6":1,"7":1,"8":0,"9":3,"10":1,"11":1,"12":1,"13":1,"14":1,"15":0,"16":3,"17":1,"18":1,"19":1,"20":1,"21":0,"22":3,"23":0,"24":0,"25":0,"26":0,"27":0,"28":3,"29":1,"30":1,"31":1,"32":1,"33":1,"34":1,"35":0,"36":3},"f":{"0":1,"1":1,"2":1,"3":0,"4":1},"b":{},"_coverageSchema":"1a1c01bbd47fc00a2c39e90264f33305004495a9","hash":"2f588d0379d6525b8c7db085fd887958fd0fcbfc"}
,"D:\\cursos\\curso-backend-node\\proyecto-01\\docs\\swagger.js": {"path":"D:\\cursos\\curso-backend-node\\proyecto-01\\docs\\swagger.js","statementMap":{"0":{"start":{"line":1,"column":21},"end":{"line":1,"column":45}},"1":{"start":{"line":6,"column":26},"end":{"line":114,"column":1}},"2":{"start":{"line":119,"column":16},"end":{"line":122,"column":1}},"3":{"start":{"line":124,"column":22},"end":{"line":124,"column":43}},"4":{"start":{"line":126,"column":0},"end":{"line":126,"column":31}}},"fnMap":{},"branchMap":{},"s":{"0":3,"1":3,"2":3,"3":3,"4":3},"f":{},"b":{},"_coverageSchema":"1a1c01bbd47fc00a2c39e90264f33305004495a9","hash":"76fc58bc9d14bfe851ff35bc10adc2251310ff7e"}
,"D:\\cursos\\curso-backend-node\\proyecto-01\\middleware\\customHeader.js": {"path":"D:\\cursos\\curso-backend-node\\proyecto-01\\middleware\\customHeader.js","statementMap":{"0":{"start":{"line":1,"column":21},"end":{"line":13,"column":1}},"1":{"start":{"line":2,"column":1},"end":{"line":12,"column":2}},"2":{"start":{"line":3,"column":17},"end":{"line":3,"column":36}},"3":{"start":{"line":4,"column":2},"end":{"line":8,"column":3}},"4":{"start":{"line":5,"column":3},"end":{"line":5,"column":10}},"5":{"start":{"line":7,"column":3},"end":{"line":7,"column":61}},"6":{"start":{"line":10,"column":2},"end":{"line":10,"column":18}},"7":{"start":{"line":11,"column":2},"end":{"line":11,"column":57}},"8":{"start":{"line":15,"column":0},"end":{"line":15,"column":30}}},"fnMap":{"0":{"name":"(anonymous_0)","decl":{"start":{"line":1,"column":21},"end":{"line":1,"column":22}},"loc":{"start":{"line":1,"column":41},"end":{"line":13,"column":1}},"line":1}},"branchMap":{"0":{"loc":{"start":{"line":4,"column":2},"end":{"line":8,"column":3}},"type":"if","locations":[{"start":{"line":4,"column":2},"end":{"line":8,"column":3}},{"start":{"line":6,"column":9},"end":{"line":8,"column":3}}],"line":4}},"s":{"0":3,"1":0,"2":0,"3":0,"4":0,"5":0,"6":0,"7":0,"8":3},"f":{"0":0},"b":{"0":[0,0]},"_coverageSchema":"1a1c01bbd47fc00a2c39e90264f33305004495a9","hash":"4cb3701b3c4761937f5a06dd9fe7e410acf57fc9"}
,"D:\\cursos\\curso-backend-node\\proyecto-01\\middleware\\role.js": {"path":"D:\\cursos\\curso-backend-node\\proyecto-01\\middleware\\role.js","statementMap":{"0":{"start":{"line":1,"column":28},"end":{"line":1,"column":59}},"1":{"start":{"line":8,"column":17},"end":{"line":25,"column":1}},"2":{"start":{"line":8,"column":28},"end":{"line":25,"column":1}},"3":{"start":{"line":9,"column":1},"end":{"line":24,"column":2}},"4":{"start":{"line":10,"column":19},"end":{"line":10,"column":22}},"5":{"start":{"line":11,"column":22},"end":{"line":11,"column":31}},"6":{"start":{"line":13,"column":24},"end":{"line":15,"column":3}},"7":{"start":{"line":14,"column":3},"end":{"line":14,"column":35}},"8":{"start":{"line":16,"column":2},"end":{"line":19,"column":3}},"9":{"start":{"line":17,"column":3},"end":{"line":17,"column":53}},"10":{"start":{"line":18,"column":3},"end":{"line":18,"column":10}},"11":{"start":{"line":21,"column":2},"end":{"line":21,"column":9}},"12":{"start":{"line":23,"column":2},"end":{"line":23,"column":50}},"13":{"start":{"line":27,"column":0},"end":{"line":27,"column":26}}},"fnMap":{"0":{"name":"(anonymous_0)","decl":{"start":{"line":8,"column":17},"end":{"line":8,"column":18}},"loc":{"start":{"line":8,"column":28},"end":{"line":25,"column":1}},"line":8},"1":{"name":"(anonymous_1)","decl":{"start":{"line":8,"column":28},"end":{"line":8,"column":29}},"loc":{"start":{"line":8,"column":48},"end":{"line":25,"column":1}},"line":8},"2":{"name":"(anonymous_2)","decl":{"start":{"line":13,"column":35},"end":{"line":13,"column":36}},"loc":{"start":{"line":14,"column":3},"end":{"line":14,"column":35}},"line":14}},"branchMap":{"0":{"loc":{"start":{"line":16,"column":2},"end":{"line":19,"column":3}},"type":"if","locations":[{"start":{"line":16,"column":2},"end":{"line":19,"column":3}},{"start":{},"end":{}}],"line":16}},"s":{"0":3,"1":3,"2":12,"3":4,"4":4,"5":4,"6":4,"7":4,"8":4,"9":0,"10":0,"11":4,"12":0,"13":3},"f":{"0":12,"1":4,"2":4},"b":{"0":[0,4]},"_coverageSchema":"1a1c01bbd47fc00a2c39e90264f33305004495a9","hash":"346a8ed41fd03545fc4c22a1af61a8623db152f2"}
,"D:\\cursos\\curso-backend-node\\proyecto-01\\middleware\\session.js": {"path":"D:\\cursos\\curso-backend-node\\proyecto-01\\middleware\\session.js","statementMap":{"0":{"start":{"line":1,"column":23},"end":{"line":1,"column":43}},"1":{"start":{"line":2,"column":28},"end":{"line":2,"column":59}},"2":{"start":{"line":3,"column":24},"end":{"line":3,"column":53}},"3":{"start":{"line":4,"column":22},"end":{"line":4,"column":64}},"4":{"start":{"line":6,"column":22},"end":{"line":6,"column":37}},"5":{"start":{"line":8,"column":23},"end":{"line":40,"column":1}},"6":{"start":{"line":9,"column":1},"end":{"line":39,"column":2}},"7":{"start":{"line":10,"column":2},"end":{"line":13,"column":3}},"8":{"start":{"line":11,"column":3},"end":{"line":11,"column":42}},"9":{"start":{"line":12,"column":3},"end":{"line":12,"column":10}},"10":{"start":{"line":15,"column":16},"end":{"line":15,"column":58}},"11":{"start":{"line":16,"column":20},"end":{"line":16,"column":44}},"12":{"start":{"line":17,"column":2},"end":{"line":20,"column":3}},"13":{"start":{"line":18,"column":3},"end":{"line":18,"column":49}},"14":{"start":{"line":19,"column":3},"end":{"line":19,"column":10}},"15":{"start":{"line":22,"column":16},"end":{"line":24,"column":3}},"16":{"start":{"line":28,"column":15},"end":{"line":28,"column":46}},"17":{"start":{"line":29,"column":2},"end":{"line":32,"column":3}},"18":{"start":{"line":30,"column":3},"end":{"line":30,"column":49}},"19":{"start":{"line":31,"column":3},"end":{"line":31,"column":10}},"20":{"start":{"line":33,"column":2},"end":{"line":33,"column":18}},"21":{"start":{"line":35,"column":2},"end":{"line":35,"column":9}},"22":{"start":{"line":37,"column":2},"end":{"line":37,"column":21}},"23":{"start":{"line":38,"column":2},"end":{"line":38,"column":43}},"24":{"start":{"line":42,"column":0},"end":{"line":42,"column":32}}},"fnMap":{"0":{"name":"(anonymous_0)","decl":{"start":{"line":8,"column":23},"end":{"line":8,"column":24}},"loc":{"start":{"line":8,"column":49},"end":{"line":40,"column":1}},"line":8}},"branchMap":{"0":{"loc":{"start":{"line":10,"column":2},"end":{"line":13,"column":3}},"type":"if","locations":[{"start":{"line":10,"column":2},"end":{"line":13,"column":3}},{"start":{},"end":{}}],"line":10},"1":{"loc":{"start":{"line":17,"column":2},"end":{"line":20,"column":3}},"type":"if","locations":[{"start":{"line":17,"column":2},"end":{"line":20,"column":3}},{"start":{},"end":{}}],"line":17},"2":{"loc":{"start":{"line":29,"column":2},"end":{"line":32,"column":3}},"type":"if","locations":[{"start":{"line":29,"column":2},"end":{"line":32,"column":3}},{"start":{},"end":{}}],"line":29}},"s":{"0":3,"1":3,"2":3,"3":3,"4":3,"5":3,"6":8,"7":8,"8":0,"9":0,"10":8,"11":8,"12":8,"13":0,"14":0,"15":8,"16":8,"17":8,"18":0,"19":0,"20":8,"21":8,"22":0,"23":0,"24":3},"f":{"0":8},"b":{"0":[0,8],"1":[0,8],"2":[0,8]},"_coverageSchema":"1a1c01bbd47fc00a2c39e90264f33305004495a9","hash":"ea668b994a37d88a05d6f21dd8d9c1d593d401b7"}
,"D:\\cursos\\curso-backend-node\\proyecto-01\\models\\index.js": {"path":"D:\\cursos\\curso-backend-node\\proyecto-01\\models\\index.js","statementMap":{"0":{"start":{"line":1,"column":18},"end":{"line":1,"column":39}},"1":{"start":{"line":3,"column":19},"end":{"line":3,"column":64}},"2":{"start":{"line":5,"column":15},"end":{"line":9,"column":1}},"3":{"start":{"line":11,"column":0},"end":{"line":11,"column":24}}},"fnMap":{},"branchMap":{"0":{"loc":{"start":{"line":3,"column":19},"end":{"line":3,"column":64}},"type":"cond-expr","locations":[{"start":{"line":3,"column":43},"end":{"line":3,"column":52}},{"start":{"line":3,"column":55},"end":{"line":3,"column":64}}],"line":3}},"s":{"0":3,"1":3,"2":3,"3":3},"f":{},"b":{"0":[3,0]},"_coverageSchema":"1a1c01bbd47fc00a2c39e90264f33305004495a9","hash":"e026d2f38e5bcb8781c8f5eebf40502a9dec68bb"}
,"D:\\cursos\\curso-backend-node\\proyecto-01\\models\\nosql\\storage.js": {"path":"D:\\cursos\\curso-backend-node\\proyecto-01\\models\\nosql\\storage.js","statementMap":{"0":{"start":{"line":1,"column":17},"end":{"line":1,"column":36}},"1":{"start":{"line":2,"column":23},"end":{"line":2,"column":49}},"2":{"start":{"line":4,"column":22},"end":{"line":17,"column":1}},"3":{"start":{"line":19,"column":0},"end":{"line":19,"column":65}},"4":{"start":{"line":20,"column":0},"end":{"line":20,"column":59}}},"fnMap":{},"branchMap":{},"s":{"0":3,"1":3,"2":3,"3":3,"4":3},"f":{},"b":{},"_coverageSchema":"1a1c01bbd47fc00a2c39e90264f33305004495a9","hash":"79c6b3219a1d250425fb4841e0d47fcac2732d23"}
,"D:\\cursos\\curso-backend-node\\proyecto-01\\models\\nosql\\tracks.js": {"path":"D:\\cursos\\curso-backend-node\\proyecto-01\\models\\nosql\\tracks.js","statementMap":{"0":{"start":{"line":1,"column":17},"end":{"line":1,"column":36}},"1":{"start":{"line":2,"column":23},"end":{"line":2,"column":49}},"2":{"start":{"line":4,"column":21},"end":{"line":48,"column":1}},"3":{"start":{"line":16,"column":5},"end":{"line":16,"column":17}},"4":{"start":{"line":53,"column":0},"end":{"line":69,"column":2}},"5":{"start":{"line":54,"column":18},"end":{"line":67,"column":3}},"6":{"start":{"line":68,"column":1},"end":{"line":68,"column":17}},"7":{"start":{"line":71,"column":0},"end":{"line":92,"column":2}},"8":{"start":{"line":72,"column":18},"end":{"line":90,"column":3}},"9":{"start":{"line":91,"column":1},"end":{"line":91,"column":17}},"10":{"start":{"line":94,"column":0},"end":{"line":94,"column":64}},"11":{"start":{"line":95,"column":0},"end":{"line":95,"column":56}}},"fnMap":{"0":{"name":"(anonymous_0)","decl":{"start":{"line":15,"column":15},"end":{"line":15,"column":16}},"loc":{"start":{"line":15,"column":24},"end":{"line":17,"column":5}},"line":15},"1":{"name":"(anonymous_1)","decl":{"start":{"line":53,"column":35},"end":{"line":53,"column":36}},"loc":{"start":{"line":53,"column":47},"end":{"line":69,"column":1}},"line":53},"2":{"name":"(anonymous_2)","decl":{"start":{"line":71,"column":35},"end":{"line":71,"column":36}},"loc":{"start":{"line":71,"column":49},"end":{"line":92,"column":1}},"line":71}},"branchMap":{},"s":{"0":3,"1":3,"2":3,"3":1,"4":3,"5":1,"6":1,"7":3,"8":1,"9":1,"10":3,"11":3},"f":{"0":1,"1":1,"2":1},"b":{},"_coverageSchema":"1a1c01bbd47fc00a2c39e90264f33305004495a9","hash":"dc4157cba4ac6989b48eac1f8bbd43c05ce66cb4"}
,"D:\\cursos\\curso-backend-node\\proyecto-01\\models\\nosql\\users.js": {"path":"D:\\cursos\\curso-backend-node\\proyecto-01\\models\\nosql\\users.js","statementMap":{"0":{"start":{"line":1,"column":17},"end":{"line":1,"column":36}},"1":{"start":{"line":2,"column":23},"end":{"line":2,"column":49}},"2":{"start":{"line":4,"column":19},"end":{"line":28,"column":1}},"3":{"start":{"line":30,"column":0},"end":{"line":30,"column":62}},"4":{"start":{"line":31,"column":0},"end":{"line":31,"column":53}}},"fnMap":{},"branchMap":{},"s":{"0":3,"1":3,"2":3,"3":3,"4":3},"f":{},"b":{},"_coverageSchema":"1a1c01bbd47fc00a2c39e90264f33305004495a9","hash":"df4184f1f9390614487d4bfc9e8ffb442d1443e9"}
,"D:\\cursos\\curso-backend-node\\proyecto-01\\routes\\auth.js": {"path":"D:\\cursos\\curso-backend-node\\proyecto-01\\routes\\auth.js","statementMap":{"0":{"start":{"line":1,"column":16},"end":{"line":1,"column":34}},"1":{"start":{"line":2,"column":46},"end":{"line":2,"column":75}},"2":{"start":{"line":3,"column":36},"end":{"line":3,"column":66}},"3":{"start":{"line":4,"column":15},"end":{"line":4,"column":31}},"4":{"start":{"line":29,"column":0},"end":{"line":29,"column":58}},"5":{"start":{"line":56,"column":0},"end":{"line":56,"column":49}},"6":{"start":{"line":58,"column":0},"end":{"line":58,"column":24}}},"fnMap":{},"branchMap":{},"s":{"0":3,"1":3,"2":3,"3":3,"4":3,"5":3,"6":3},"f":{},"b":{},"_coverageSchema":"1a1c01bbd47fc00a2c39e90264f33305004495a9","hash":"6e94b585168e1135574453eb1c702487e2d37966"}
,"D:\\cursos\\curso-backend-node\\proyecto-01\\routes\\index.js": {"path":"D:\\cursos\\curso-backend-node\\proyecto-01\\routes\\index.js","statementMap":{"0":{"start":{"line":1,"column":16},"end":{"line":1,"column":34}},"1":{"start":{"line":2,"column":11},"end":{"line":2,"column":24}},"2":{"start":{"line":3,"column":15},"end":{"line":3,"column":31}},"3":{"start":{"line":5,"column":20},"end":{"line":5,"column":29}},"4":{"start":{"line":7,"column":24},"end":{"line":9,"column":1}},"5":{"start":{"line":8,"column":1},"end":{"line":8,"column":36}},"6":{"start":{"line":11,"column":0},"end":{"line":16,"column":3}},"7":{"start":{"line":12,"column":14},"end":{"line":12,"column":35}},"8":{"start":{"line":13,"column":1},"end":{"line":15,"column":2}},"9":{"start":{"line":14,"column":2},"end":{"line":14,"column":47}},"10":{"start":{"line":18,"column":0},"end":{"line":18,"column":24}}},"fnMap":{"0":{"name":"(anonymous_0)","decl":{"start":{"line":7,"column":24},"end":{"line":7,"column":25}},"loc":{"start":{"line":7,"column":38},"end":{"line":9,"column":1}},"line":7},"1":{"name":"(anonymous_1)","decl":{"start":{"line":11,"column":35},"end":{"line":11,"column":36}},"loc":{"start":{"line":11,"column":45},"end":{"line":16,"column":1}},"line":11}},"branchMap":{"0":{"loc":{"start":{"line":13,"column":1},"end":{"line":15,"column":2}},"type":"if","locations":[{"start":{"line":13,"column":1},"end":{"line":15,"column":2}},{"start":{},"end":{}}],"line":13}},"s":{"0":3,"1":3,"2":3,"3":3,"4":3,"5":12,"6":3,"7":12,"8":12,"9":9,"10":3},"f":{"0":12,"1":12},"b":{"0":[9,3]},"_coverageSchema":"1a1c01bbd47fc00a2c39e90264f33305004495a9","hash":"785f34d6e755dea7936e5f6500aa26c20d4a0217"}
,"D:\\cursos\\curso-backend-node\\proyecto-01\\routes\\storage.js": {"path":"D:\\cursos\\curso-backend-node\\proyecto-01\\routes\\storage.js","statementMap":{"0":{"start":{"line":1,"column":16},"end":{"line":1,"column":34}},"1":{"start":{"line":2,"column":25},"end":{"line":2,"column":58}},"2":{"start":{"line":8,"column":4},"end":{"line":8,"column":37}},"3":{"start":{"line":9,"column":29},"end":{"line":9,"column":61}},"4":{"start":{"line":10,"column":23},"end":{"line":10,"column":55}},"5":{"start":{"line":11,"column":17},"end":{"line":11,"column":46}},"6":{"start":{"line":12,"column":15},"end":{"line":12,"column":31}},"7":{"start":{"line":39,"column":0},"end":{"line":39,"column":44}},"8":{"start":{"line":69,"column":0},"end":{"line":69,"column":64}},"9":{"start":{"line":102,"column":0},"end":{"line":106,"column":2}},"10":{"start":{"line":132,"column":0},"end":{"line":136,"column":2}},"11":{"start":{"line":138,"column":0},"end":{"line":138,"column":24}}},"fnMap":{},"branchMap":{},"s":{"0":3,"1":3,"2":3,"3":3,"4":3,"5":3,"6":3,"7":3,"8":3,"9":3,"10":3,"11":3},"f":{},"b":{},"_coverageSchema":"1a1c01bbd47fc00a2c39e90264f33305004495a9","hash":"8b4c718aaca61b42bbee2e25bf48976e2a3466e5"}
,"D:\\cursos\\curso-backend-node\\proyecto-01\\routes\\tracks.js": {"path":"D:\\cursos\\curso-backend-node\\proyecto-01\\routes\\tracks.js","statementMap":{"0":{"start":{"line":1,"column":16},"end":{"line":1,"column":34}},"1":{"start":{"line":8,"column":4},"end":{"line":8,"column":36}},"2":{"start":{"line":12,"column":4},"end":{"line":12,"column":35}},"3":{"start":{"line":13,"column":21},"end":{"line":13,"column":58}},"4":{"start":{"line":14,"column":23},"end":{"line":14,"column":55}},"5":{"start":{"line":15,"column":17},"end":{"line":15,"column":46}},"6":{"start":{"line":16,"column":15},"end":{"line":16,"column":31}},"7":{"start":{"line":20,"column":0},"end":{"line":20,"column":44}},"8":{"start":{"line":21,"column":0},"end":{"line":21,"column":64}},"9":{"start":{"line":22,"column":0},"end":{"line":26,"column":2}},"10":{"start":{"line":27,"column":0},"end":{"line":31,"column":2}},"11":{"start":{"line":32,"column":0},"end":{"line":36,"column":2}},"12":{"start":{"line":38,"column":0},"end":{"line":38,"column":24}}},"fnMap":{},"branchMap":{},"s":{"0":3,"1":3,"2":3,"3":3,"4":3,"5":3,"6":3,"7":3,"8":3,"9":3,"10":3,"11":3,"12":3},"f":{},"b":{},"_coverageSchema":"1a1c01bbd47fc00a2c39e90264f33305004495a9","hash":"c8ba36fe221e036cde6d85d03776c63a4eaf7959"}
,"D:\\cursos\\curso-backend-node\\proyecto-01\\test\\helper\\helperData.js": {"path":"D:\\cursos\\curso-backend-node\\proyecto-01\\test\\helper\\helperData.js","statementMap":{"0":{"start":{"line":1,"column":22},"end":{"line":4,"column":1}},"1":{"start":{"line":6,"column":25},"end":{"line":11,"column":1}},"2":{"start":{"line":13,"column":30},"end":{"line":19,"column":1}},"3":{"start":{"line":21,"column":28},"end":{"line":24,"column":1}},"4":{"start":{"line":26,"column":22},"end":{"line":40,"column":1}},"5":{"start":{"line":42,"column":0},"end":{"line":48,"column":2}}},"fnMap":{},"branchMap":{},"s":{"0":3,"1":3,"2":3,"3":3,"4":3,"5":3},"f":{},"b":{},"_coverageSchema":"1a1c01bbd47fc00a2c39e90264f33305004495a9","hash":"0efbce123c622372f0754aa194e6ddabb4e7b0e2"}
,"D:\\cursos\\curso-backend-node\\proyecto-01\\utils\\handleError.js": {"path":"D:\\cursos\\curso-backend-node\\proyecto-01\\utils\\handleError.js","statementMap":{"0":{"start":{"line":1,"column":24},"end":{"line":3,"column":1}},"1":{"start":{"line":2,"column":1},"end":{"line":2,"column":43}},"2":{"start":{"line":5,"column":0},"end":{"line":7,"column":2}}},"fnMap":{"0":{"name":"(anonymous_0)","decl":{"start":{"line":1,"column":24},"end":{"line":1,"column":25}},"loc":{"start":{"line":1,"column":71},"end":{"line":3,"column":1}},"line":1}},"branchMap":{"0":{"loc":{"start":{"line":1,"column":30},"end":{"line":1,"column":54}},"type":"default-arg","locations":[{"start":{"line":1,"column":40},"end":{"line":1,"column":54}}],"line":1},"1":{"loc":{"start":{"line":1,"column":56},"end":{"line":1,"column":66}},"type":"default-arg","locations":[{"start":{"line":1,"column":63},"end":{"line":1,"column":66}}],"line":1}},"s":{"0":3,"1":2,"2":3},"f":{"0":2},"b":{"0":[0],"1":[0]},"_coverageSchema":"1a1c01bbd47fc00a2c39e90264f33305004495a9","hash":"5e817348eb435790b325ab2a04409bcfb7662955"}
,"D:\\cursos\\curso-backend-node\\proyecto-01\\utils\\handleJwt.js": {"path":"D:\\cursos\\curso-backend-node\\proyecto-01\\utils\\handleJwt.js","statementMap":{"0":{"start":{"line":1,"column":12},"end":{"line":1,"column":35}},"1":{"start":{"line":2,"column":22},"end":{"line":2,"column":57}},"2":{"start":{"line":3,"column":19},"end":{"line":3,"column":41}},"3":{"start":{"line":5,"column":22},"end":{"line":5,"column":37}},"4":{"start":{"line":11,"column":18},"end":{"line":24,"column":1}},"5":{"start":{"line":12,"column":14},"end":{"line":21,"column":2}},"6":{"start":{"line":23,"column":1},"end":{"line":23,"column":13}},"7":{"start":{"line":31,"column":20},"end":{"line":37,"column":1}},"8":{"start":{"line":32,"column":1},"end":{"line":36,"column":2}},"9":{"start":{"line":33,"column":2},"end":{"line":33,"column":42}},"10":{"start":{"line":35,"column":2},"end":{"line":35,"column":14}},"11":{"start":{"line":39,"column":0},"end":{"line":39,"column":44}}},"fnMap":{"0":{"name":"(anonymous_0)","decl":{"start":{"line":11,"column":18},"end":{"line":11,"column":19}},"loc":{"start":{"line":11,"column":34},"end":{"line":24,"column":1}},"line":11},"1":{"name":"(anonymous_1)","decl":{"start":{"line":31,"column":20},"end":{"line":31,"column":21}},"loc":{"start":{"line":31,"column":40},"end":{"line":37,"column":1}},"line":31}},"branchMap":{},"s":{"0":3,"1":3,"2":3,"3":3,"4":3,"5":4,"6":4,"7":3,"8":8,"9":8,"10":0,"11":3},"f":{"0":4,"1":8},"b":{},"_coverageSchema":"1a1c01bbd47fc00a2c39e90264f33305004495a9","hash":"d3b614dd5f4e8aae8411c118a3d2a463486b88a7"}
,"D:\\cursos\\curso-backend-node\\proyecto-01\\utils\\handleLogger.js": {"path":"D:\\cursos\\curso-backend-node\\proyecto-01\\utils\\handleLogger.js","statementMap":{"0":{"start":{"line":1,"column":28},"end":{"line":1,"column":53}},"1":{"start":{"line":3,"column":16},"end":{"line":3,"column":62}},"2":{"start":{"line":5,"column":21},"end":{"line":12,"column":1}},"3":{"start":{"line":14,"column":0},"end":{"line":14,"column":30}}},"fnMap":{"0":{"name":"(anonymous_0)","decl":{"start":{"line":6,"column":8},"end":{"line":6,"column":9}},"loc":{"start":{"line":6,"column":21},"end":{"line":11,"column":2}},"line":6}},"branchMap":{},"s":{"0":3,"1":3,"2":3,"3":3},"f":{"0":8},"b":{},"_coverageSchema":"1a1c01bbd47fc00a2c39e90264f33305004495a9","hash":"30663c0437de38bd6f33f2dca1695ac37400f33b"}
,"D:\\cursos\\curso-backend-node\\proyecto-01\\utils\\handlePassword.js": {"path":"D:\\cursos\\curso-backend-node\\proyecto-01\\utils\\handlePassword.js","statementMap":{"0":{"start":{"line":1,"column":17},"end":{"line":1,"column":36}},"1":{"start":{"line":6,"column":16},"end":{"line":9,"column":1}},"2":{"start":{"line":7,"column":14},"end":{"line":7,"column":52}},"3":{"start":{"line":8,"column":1},"end":{"line":8,"column":13}},"4":{"start":{"line":17,"column":16},"end":{"line":19,"column":1}},"5":{"start":{"line":18,"column":1},"end":{"line":18,"column":60}},"6":{"start":{"line":21,"column":0},"end":{"line":21,"column":38}}},"fnMap":{"0":{"name":"(anonymous_0)","decl":{"start":{"line":6,"column":16},"end":{"line":6,"column":17}},"loc":{"start":{"line":6,"column":41},"end":{"line":9,"column":1}},"line":6},"1":{"name":"(anonymous_1)","decl":{"start":{"line":17,"column":16},"end":{"line":17,"column":17}},"loc":{"start":{"line":17,"column":55},"end":{"line":19,"column":1}},"line":17}},"branchMap":{},"s":{"0":3,"1":3,"2":1,"3":1,"4":3,"5":2,"6":3},"f":{"0":1,"1":2},"b":{},"_coverageSchema":"1a1c01bbd47fc00a2c39e90264f33305004495a9","hash":"4edc2fa41c5966a9e3d7db4e18d207b63cda8717"}
,"D:\\cursos\\curso-backend-node\\proyecto-01\\utils\\handlePropertiesEngine.js": {"path":"D:\\cursos\\curso-backend-node\\proyecto-01\\utils\\handlePropertiesEngine.js","statementMap":{"0":{"start":{"line":1,"column":18},"end":{"line":1,"column":39}},"1":{"start":{"line":2,"column":22},"end":{"line":12,"column":1}},"2":{"start":{"line":3,"column":14},"end":{"line":10,"column":2}},"3":{"start":{"line":11,"column":1},"end":{"line":11,"column":24}},"4":{"start":{"line":14,"column":0},"end":{"line":14,"column":31}}},"fnMap":{"0":{"name":"(anonymous_0)","decl":{"start":{"line":2,"column":22},"end":{"line":2,"column":23}},"loc":{"start":{"line":2,"column":28},"end":{"line":12,"column":1}},"line":2}},"branchMap":{},"s":{"0":3,"1":3,"2":6,"3":6,"4":3},"f":{"0":6},"b":{},"_coverageSchema":"1a1c01bbd47fc00a2c39e90264f33305004495a9","hash":"6e6977babbd9703bcf2f030a3b7f759e3faaaa95"}
,"D:\\cursos\\curso-backend-node\\proyecto-01\\utils\\handleStorage.js": {"path":"D:\\cursos\\curso-backend-node\\proyecto-01\\utils\\handleStorage.js","statementMap":{"0":{"start":{"line":1,"column":15},"end":{"line":1,"column":32}},"1":{"start":{"line":3,"column":16},"end":{"line":13,"column":2}},"2":{"start":{"line":5,"column":22},"end":{"line":5,"column":47}},"3":{"start":{"line":6,"column":2},"end":{"line":6,"column":30}},"4":{"start":{"line":9,"column":14},"end":{"line":9,"column":48}},"5":{"start":{"line":10,"column":19},"end":{"line":10,"column":46}},"6":{"start":{"line":11,"column":2},"end":{"line":11,"column":27}},"7":{"start":{"line":15,"column":25},"end":{"line":17,"column":2}},"8":{"start":{"line":19,"column":0},"end":{"line":19,"column":34}}},"fnMap":{"0":{"name":"(anonymous_0)","decl":{"start":{"line":4,"column":14},"end":{"line":4,"column":15}},"loc":{"start":{"line":4,"column":39},"end":{"line":7,"column":2}},"line":4},"1":{"name":"(anonymous_1)","decl":{"start":{"line":8,"column":11},"end":{"line":8,"column":12}},"loc":{"start":{"line":8,"column":36},"end":{"line":12,"column":2}},"line":8}},"branchMap":{},"s":{"0":3,"1":3,"2":1,"3":1,"4":1,"5":1,"6":1,"7":3,"8":3},"f":{"0":1,"1":1},"b":{},"_coverageSchema":"1a1c01bbd47fc00a2c39e90264f33305004495a9","hash":"c6d2818ac3be416796e35a9ec335fb7f21e86ab5"}
,"D:\\cursos\\curso-backend-node\\proyecto-01\\utils\\handleValidator.js": {"path":"D:\\cursos\\curso-backend-node\\proyecto-01\\utils\\handleValidator.js","statementMap":{"0":{"start":{"line":1,"column":39},"end":{"line":1,"column":67}},"1":{"start":{"line":3,"column":24},"end":{"line":15,"column":1}},"2":{"start":{"line":4,"column":16},"end":{"line":4,"column":29}},"3":{"start":{"line":6,"column":1},"end":{"line":8,"column":2}},"4":{"start":{"line":7,"column":2},"end":{"line":7,"column":16}},"5":{"start":{"line":10,"column":13},"end":{"line":12,"column":2}},"6":{"start":{"line":14,"column":1},"end":{"line":14,"column":34}},"7":{"start":{"line":17,"column":0},"end":{"line":17,"column":37}}},"fnMap":{"0":{"name":"(anonymous_0)","decl":{"start":{"line":3,"column":24},"end":{"line":3,"column":25}},"loc":{"start":{"line":3,"column":44},"end":{"line":15,"column":1}},"line":3}},"branchMap":{"0":{"loc":{"start":{"line":6,"column":1},"end":{"line":8,"column":2}},"type":"if","locations":[{"start":{"line":6,"column":1},"end":{"line":8,"column":2}},{"start":{},"end":{}}],"line":6}},"s":{"0":3,"1":3,"2":9,"3":9,"4":9,"5":0,"6":0,"7":3},"f":{"0":9},"b":{"0":[9,0]},"_coverageSchema":"1a1c01bbd47fc00a2c39e90264f33305004495a9","hash":"b41d84a31b738f1b3b1f26be8ea8d7decafab40c"}
,"D:\\cursos\\curso-backend-node\\proyecto-01\\validators\\auth.js": {"path":"D:\\cursos\\curso-backend-node\\proyecto-01\\validators\\auth.js","statementMap":{"0":{"start":{"line":1,"column":18},"end":{"line":1,"column":46}},"1":{"start":{"line":2,"column":28},"end":{"line":2,"column":63}},"2":{"start":{"line":4,"column":26},"end":{"line":12,"column":1}},"3":{"start":{"line":10,"column":2},"end":{"line":10,"column":41}},"4":{"start":{"line":13,"column":23},"end":{"line":19,"column":1}},"5":{"start":{"line":17,"column":2},"end":{"line":17,"column":41}},"6":{"start":{"line":21,"column":0},"end":{"line":21,"column":55}}},"fnMap":{"0":{"name":"(anonymous_0)","decl":{"start":{"line":9,"column":1},"end":{"line":9,"column":2}},"loc":{"start":{"line":9,"column":21},"end":{"line":11,"column":2}},"line":9},"1":{"name":"(anonymous_1)","decl":{"start":{"line":16,"column":1},"end":{"line":16,"column":2}},"loc":{"start":{"line":16,"column":21},"end":{"line":18,"column":2}},"line":16}},"branchMap":{},"s":{"0":3,"1":3,"2":3,"3":1,"4":3,"5":3,"6":3},"f":{"0":1,"1":3},"b":{},"_coverageSchema":"1a1c01bbd47fc00a2c39e90264f33305004495a9","hash":"53f830b0d5ae2251e47fc36b811829430f94321e"}
,"D:\\cursos\\curso-backend-node\\proyecto-01\\validators\\storage.js": {"path":"D:\\cursos\\curso-backend-node\\proyecto-01\\validators\\storage.js","statementMap":{"0":{"start":{"line":1,"column":18},"end":{"line":1,"column":46}},"1":{"start":{"line":2,"column":28},"end":{"line":2,"column":63}},"2":{"start":{"line":4,"column":25},"end":{"line":9,"column":1}},"3":{"start":{"line":7,"column":2},"end":{"line":7,"column":41}},"4":{"start":{"line":11,"column":0},"end":{"line":11,"column":38}}},"fnMap":{"0":{"name":"(anonymous_0)","decl":{"start":{"line":6,"column":1},"end":{"line":6,"column":2}},"loc":{"start":{"line":6,"column":21},"end":{"line":8,"column":2}},"line":6}},"branchMap":{},"s":{"0":3,"1":3,"2":3,"3":2,"4":3},"f":{"0":2},"b":{},"_coverageSchema":"1a1c01bbd47fc00a2c39e90264f33305004495a9","hash":"f608e5a81df3d6bca0bf230d488ff1f25676730a"}
,"D:\\cursos\\curso-backend-node\\proyecto-01\\validators\\tracks.js": {"path":"D:\\cursos\\curso-backend-node\\proyecto-01\\validators\\tracks.js","statementMap":{"0":{"start":{"line":1,"column":18},"end":{"line":1,"column":46}},"1":{"start":{"line":2,"column":28},"end":{"line":2,"column":63}},"2":{"start":{"line":4,"column":28},"end":{"line":19,"column":1}},"3":{"start":{"line":17,"column":2},"end":{"line":17,"column":41}},"4":{"start":{"line":21,"column":25},"end":{"line":26,"column":1}},"5":{"start":{"line":24,"column":2},"end":{"line":24,"column":41}},"6":{"start":{"line":28,"column":0},"end":{"line":28,"column":59}}},"fnMap":{"0":{"name":"(anonymous_0)","decl":{"start":{"line":16,"column":1},"end":{"line":16,"column":2}},"loc":{"start":{"line":16,"column":21},"end":{"line":18,"column":2}},"line":16},"1":{"name":"(anonymous_1)","decl":{"start":{"line":23,"column":1},"end":{"line":23,"column":2}},"loc":{"start":{"line":23,"column":21},"end":{"line":25,"column":2}},"line":23}},"branchMap":{},"s":{"0":3,"1":3,"2":3,"3":1,"4":3,"5":2,"6":3},"f":{"0":1,"1":2},"b":{},"_coverageSchema":"1a1c01bbd47fc00a2c39e90264f33305004495a9","hash":"e9e3dcd6161212bdf95c8dfb110529a2753f3e45"}
}
